<?xml version="1.0" encoding="UTF-8"?>
<!-- Generated by org.testng.reporters.JUnitReportReporter -->
<testsuite hostname="DESKTOP-2EB7RG6" failures="0" tests="1" name="session_22.DemoNestedJSONPayload" time="4.072" errors="0" timestamp="2023-05-22T23:55:05 IST" skipped="0">
  <testcase classname="session_22.DemoNestedJSONPayload" name="createUser" time="4.072"/>
  <system-out/>
</testsuite> <!-- session_22.DemoNestedJSONPayload -->
