<?xml version="1.0" encoding="UTF-8"?>
<!-- Generated by org.testng.reporters.JUnitReportReporter -->
<testsuite hostname="DESKTOP-2EB7RG6" failures="0" tests="2" name="session_11.AuthorizationDemoOauth" time="4.593" errors="0" timestamp="2023-05-17T23:57:07 IST" skipped="0">
  <testcase classname="session_11.AuthorizationDemoOauth" name="ListInvoice" time="0.930"/>
  <system-out/>
  <testcase classname="session_11.AuthorizationDemoOauth" name="GetAccessToken" time="3.663"/>
  <system-out/>
</testsuite> <!-- session_11.AuthorizationDemoOauth -->
