<?xml version="1.0" encoding="UTF-8"?>
<!-- Generated by org.testng.reporters.JUnitReportReporter -->
<testsuite hostname="DESKTOP-2EB7RG6" failures="0" tests="1" name="session_12.DeserializationJSonDemo" time="2.898" errors="0" timestamp="2023-05-18T22:17:05 IST" skipped="0">
  <testcase classname="session_12.DeserializationJSonDemo" name="createUser" time="2.898"/>
  <system-out/>
</testsuite> <!-- session_12.DeserializationJSonDemo -->
