<?xml version="1.0" encoding="UTF-8"?>
<!-- Generated by org.testng.reporters.JUnitReportReporter -->
<testsuite hostname="DESKTOP-2EB7RG6" failures="0" tests="1" name="session_23.DemoTestComplexNestedJSONObject" time="6.203" errors="0" timestamp="2023-05-24T00:42:37 IST" skipped="0">
  <testcase classname="session_23.DemoTestComplexNestedJSONObject" name="createUser" time="6.203"/>
  <system-out/>
</testsuite> <!-- session_23.DemoTestComplexNestedJSONObject -->
