<?xml version="1.0" encoding="UTF-8"?>
<!-- Generated by org.testng.reporters.JUnitReportReporter -->
<testsuite hostname="DESKTOP-2EB7RG6" failures="0" tests="1" name="session_24.DemoJsonInclude" time="0.386" errors="0" timestamp="2023-05-25T00:48:54 IST" skipped="0">
  <testcase classname="session_24.DemoJsonInclude" name="testMethod1" time="0.386"/>
  <system-out/>
</testsuite> <!-- session_24.DemoJsonInclude -->
