<?xml version="1.0" encoding="UTF-8"?>
<!-- Generated by org.testng.reporters.JUnitReportReporter -->
<testsuite hostname="DESKTOP-2EB7RG6" failures="0" tests="1" name="session_30.DemoJSONSchemaValidation" time="5.216" errors="0" timestamp="2023-05-28T01:29:08 IST" skipped="0">
  <testcase classname="session_30.DemoJSONSchemaValidation" name="testMethod" time="5.216"/>
  <system-out/>
</testsuite> <!-- session_30.DemoJSONSchemaValidation -->
