<?xml version="1.0" encoding="UTF-8"?>
<!-- Generated by org.testng.reporters.JUnitReportReporter -->
<testsuite hostname="DESKTOP-2EB7RG6" failures="0" tests="2" name="session_14.ValidateXMLResponse" time="3.662" errors="0" timestamp="2023-05-19T12:53:14 IST" skipped="1">
  <testcase classname="session_14.ValidateXMLResponse" name="GetTravellersData" time="3.662"/>
  <system-out/>
  <testcase classname="session_14.ValidateXMLResponse" name="AddPet">
    <skipped/>
  </testcase> <!-- AddPet -->
  <system-out/>
</testsuite> <!-- session_14.ValidateXMLResponse -->
