<?xml version="1.0" encoding="UTF-8"?>
<!-- Generated by org.testng.reporters.JUnitReportReporter -->
<testsuite hostname="DESKTOP-2EB7RG6" failures="0" tests="2" name="session_16.JSONArrayDemo" time="3.274" errors="0" timestamp="2023-05-20T11:19:33 IST" skipped="1">
  <testcase classname="session_16.JSONArrayDemo" name="CreateJSonArrayUsingList" time="3.274"/>
  <system-out/>
  <testcase classname="session_16.JSONArrayDemo" name="createUserUsingJSONArray">
    <skipped/>
  </testcase> <!-- createUserUsingJSONArray -->
  <system-out/>
</testsuite> <!-- session_16.JSONArrayDemo -->
