<?xml version="1.0" encoding="UTF-8"?>
<!-- Generated by org.testng.reporters.JUnitReportReporter -->
<testsuite hostname="DESKTOP-2EB7RG6" failures="0" tests="1" name="session_21.JSONArrayPojoClassDemo" time="4.015" errors="0" timestamp="2023-05-22T00:14:38 IST" skipped="0">
  <testcase classname="session_21.JSONArrayPojoClassDemo" name="createEmployeesJSONArray" time="4.015"/>
  <system-out/>
</testsuite> <!-- session_21.JSONArrayPojoClassDemo -->
