<?xml version="1.0" encoding="UTF-8"?>
<!-- Generated by org.testng.reporters.JUnitReportReporter -->
<testsuite hostname="DESKTOP-2EB7RG6" failures="0" tests="1" name="session_31.DemoSchemaValidation2" time="0.835" errors="0" timestamp="2023-05-28T13:09:14 IST" skipped="0">
  <testcase classname="session_31.DemoSchemaValidation2" name="testMethod" time="0.835"/>
  <system-out/>
</testsuite> <!-- session_31.DemoSchemaValidation2 -->
