<?xml version="1.0" encoding="UTF-8"?>
<!-- Generated by org.testng.reporters.JUnitReportReporter -->
<testsuite hostname="DESKTOP-2EB7RG6" failures="0" tests="2" name="session_15.JsonObjecUsingJavaMapDemo" time="4.764" errors="0" timestamp="2023-05-20T00:02:45 IST" skipped="0">
  <testcase classname="session_15.JsonObjecUsingJavaMapDemo" name="createAuthToken" time="4.113"/>
  <system-out/>
  <testcase classname="session_15.JsonObjecUsingJavaMapDemo" name="createUser" time="0.651"/>
  <system-out/>
</testsuite> <!-- session_15.JsonObjecUsingJavaMapDemo -->
