<?xml version="1.0" encoding="UTF-8"?>
<!-- Generated by org.testng.reporters.JUnitReportReporter -->
<testsuite hostname="DESKTOP-2EB7RG6" failures="0" tests="1" name="session_03.Test_DeleteMethod" time="2.651" errors="0" timestamp="2023-05-14T00:27:53 IST" skipped="0">
  <testcase classname="session_03.Test_DeleteMethod" name="test06" time="2.651"/>
  <system-out/>
</testsuite> <!-- session_03.Test_DeleteMethod -->
