<?xml version="1.0" encoding="UTF-8"?>
<!-- Generated by org.testng.reporters.JUnitReportReporter -->
<testsuite hostname="DESKTOP-2EB7RG6" failures="0" tests="1" name="session_05.ValidateResponseHeader" time="2.164" errors="0" timestamp="2023-05-14T12:06:21 IST" skipped="0">
  <testcase classname="session_05.ValidateResponseHeader" name="GetSingleUser" time="2.164"/>
  <system-out/>
</testsuite> <!-- session_05.ValidateResponseHeader -->
