<?xml version="1.0" encoding="UTF-8"?>
<!-- Generated by org.testng.reporters.JUnitReportReporter -->
<testsuite hostname="DESKTOP-2EB7RG6" failures="0" tests="2" name="session_08.Authorization" time="3.555" errors="0" timestamp="2023-05-15T00:55:17 IST" skipped="1">
  <testcase classname="session_08.Authorization" name="DigestAuth" time="3.555"/>
  <system-out/>
  <testcase classname="session_08.Authorization" name="BasicAuth">
    <skipped/>
  </testcase> <!-- BasicAuth -->
  <system-out/>
</testsuite> <!-- session_08.Authorization -->
