<?xml version="1.0" encoding="UTF-8"?>
<!-- Generated by org.testng.reporters.JUnitReportReporter -->
<testsuite hostname="DESKTOP-2EB7RG6" failures="0" tests="1" name="session_20.SerializationAndDeserialization" time="4.823" errors="0" timestamp="2023-05-21T18:10:42 IST" skipped="0">
  <testcase classname="session_20.SerializationAndDeserialization" name="CreateJSONObjectFromEmployeeClassObject" time="4.823"/>
  <system-out/>
</testsuite> <!-- session_20.SerializationAndDeserialization -->
