<?xml version="1.0" encoding="UTF-8"?>
<!-- Generated by org.testng.reporters.JUnitReportReporter -->
<testsuite hostname="DESKTOP-2EB7RG6" failures="0" tests="2" name="session_29.DemoResponseSpec" time="7.293" errors="0" timestamp="2023-05-27T18:37:15 IST" skipped="0">
  <testcase classname="session_29.DemoResponseSpec" name="getBookingByFirstName" time="2.014"/>
  <system-out/>
  <testcase classname="session_29.DemoResponseSpec" name="getAllBookingIds" time="5.279"/>
  <system-out/>
</testsuite> <!-- session_29.DemoResponseSpec -->
