<?xml version="1.0" encoding="UTF-8"?>
<!-- Generated by org.testng.reporters.JUnitReportReporter -->
<testsuite hostname="DESKTOP-2EB7RG6" failures="0" tests="2" name="session_03.Test_GetMethod" time="2.664" errors="0" timestamp="2023-05-13T17:50:31 IST" skipped="0">
  <testcase classname="session_03.Test_GetMethod" name="test02" time="0.275"/>
  <system-out/>
  <testcase classname="session_03.Test_GetMethod" name="test01" time="2.389"/>
  <system-out/>
</testsuite> <!-- session_03.Test_GetMethod -->
