<?xml version="1.0" encoding="UTF-8"?>
<!-- Generated by org.testng.reporters.JUnitReportReporter -->
<testsuite hostname="DESKTOP-2EB7RG6" failures="0" tests="2" name="session_27.DemoTest" time="3.776" errors="0" timestamp="2023-05-27T00:27:13 IST" skipped="0">
  <testcase classname="session_27.DemoTest" name="test2" time="0.970"/>
  <system-out/>
  <testcase classname="session_27.DemoTest" name="test1" time="2.806"/>
  <system-out/>
</testsuite> <!-- session_27.DemoTest -->
