<?xml version="1.0" encoding="UTF-8"?>
<!-- Generated by org.testng.reporters.JUnitReportReporter -->
<testsuite hostname="DESKTOP-2EB7RG6" failures="0" tests="1" name="FirstGetRequest" time="2.353" errors="0" timestamp="2023-05-13T11:20:42 IST" skipped="0">
  <testcase classname="FirstGetRequest" name="testcase01" time="2.353"/>
  <system-out/>
</testsuite> <!-- FirstGetRequest -->
