<?xml version="1.0" encoding="UTF-8"?>
<!-- Generated by org.testng.reporters.JUnitReportReporter -->
<testsuite hostname="DESKTOP-2EB7RG6" failures="0" tests="1" name="session_17.JSONObjectUsingJacksonAPI" time="2.975" errors="0" timestamp="2023-05-20T23:32:39 IST" skipped="0">
  <testcase classname="session_17.JSONObjectUsingJacksonAPI" name="CreateUser" time="2.975"/>
  <system-out/>
</testsuite> <!-- session_17.JSONObjectUsingJacksonAPI -->
