<?xml version="1.0" encoding="UTF-8"?>
<!-- Generated by org.testng.reporters.JUnitReportReporter -->
<testsuite hostname="DESKTOP-2EB7RG6" failures="0" tests="1" name="session_06.ValidateJsonResponseBody" time="3.102" errors="0" timestamp="2023-05-14T14:20:48 IST" skipped="0">
  <testcase classname="session_06.ValidateJsonResponseBody" name="UserListResponseBody" time="3.102"/>
  <system-out/>
</testsuite> <!-- session_06.ValidateJsonResponseBody -->
