<?xml version="1.0" encoding="UTF-8"?>
<!-- Generated by org.testng.reporters.JUnitReportReporter -->
<testsuite hostname="DESKTOP-2EB7RG6" failures="0" tests="1" name="session_26.DemoIgnoreProperties" time="0.490" errors="0" timestamp="2023-05-26T23:16:26 IST" skipped="0">
  <testcase classname="session_26.DemoIgnoreProperties" name="test1" time="0.490"/>
  <system-out/>
</testsuite> <!-- session_26.DemoIgnoreProperties -->
