<?xml version="1.0" encoding="UTF-8"?>
<!-- Generated by org.testng.reporters.JUnitReportReporter -->
<testsuite hostname="DESKTOP-2EB7RG6" failures="0" tests="1" name="session_25.DemoJSONIgnore" time="0.391" errors="0" timestamp="2023-05-25T23:30:41 IST" skipped="0">
  <testcase classname="session_25.DemoJSONIgnore" name="testMethod1" time="0.391"/>
  <system-out/>
</testsuite> <!-- session_25.DemoJSONIgnore -->
