<?xml version="1.0" encoding="UTF-8"?>
<!-- Generated by org.testng.reporters.JUnitReportReporter -->
<testsuite hostname="DESKTOP-2EB7RG6" failures="0" tests="1" name="session_10.AuthorizationDemo" time="2.724" errors="0" timestamp="2023-05-16T00:59:32 IST" skipped="0">
  <testcase classname="session_10.AuthorizationDemo" name="GetWeatherDataByCity" time="2.724"/>
  <system-out/>
</testsuite> <!-- session_10.AuthorizationDemo -->
