<?xml version="1.0" encoding="UTF-8"?>
<!-- Generated by org.testng.reporters.JUnitReportReporter -->
<testsuite hostname="DESKTOP-2EB7RG6" failures="0" tests="1" name="session_03.Test_PutMethod" time="2.818" errors="0" timestamp="2023-05-14T00:20:58 IST" skipped="0">
  <testcase classname="session_03.Test_PutMethod" name="test04" time="2.818"/>
  <system-out/>
</testsuite> <!-- session_03.Test_PutMethod -->
