<?xml version="1.0" encoding="UTF-8"?>
<!-- Generated by org.testng.reporters.JUnitReportReporter -->
<testsuite hostname="DESKTOP-2EB7RG6" failures="0" tests="4" name="session_19.OwnAPITesting" time="1.750" errors="0" timestamp="2023-05-21T12:41:12 IST" skipped="3">
  <testcase classname="session_19.OwnAPITesting" name="DeleteUser" time="1.750"/>
  <system-out/>
  <testcase classname="session_19.OwnAPITesting" name="readUserData">
    <skipped/>
  </testcase> <!-- readUserData -->
  <system-out/>
  <testcase classname="session_19.OwnAPITesting" name="CreateUser">
    <skipped/>
  </testcase> <!-- CreateUser -->
  <system-out/>
  <testcase classname="session_19.OwnAPITesting" name="UpdateUser">
    <skipped/>
  </testcase> <!-- UpdateUser -->
  <system-out/>
</testsuite> <!-- session_19.OwnAPITesting -->
