<?xml version="1.0" encoding="UTF-8"?>
<!-- Generated by org.testng.reporters.JUnitReportReporter -->
<testsuite hostname="DESKTOP-2EB7RG6" failures="0" tests="1" name="session_09.BearerToken" time="3.876" errors="0" timestamp="2023-05-15T23:58:24 IST" skipped="0">
  <testcase classname="session_09.BearerToken" name="BearerToken" time="3.876"/>
  <system-out/>
</testsuite> <!-- session_09.BearerToken -->
