<?xml version="1.0" encoding="UTF-8"?>
<!-- Generated by org.testng.reporters.JUnitReportReporter -->
<testsuite hostname="DESKTOP-2EB7RG6" failures="0" tests="1" name="session_07.QueryParameterDemo" time="2.973" errors="0" timestamp="2023-05-14T18:02:18 IST" skipped="0">
  <testcase classname="session_07.QueryParameterDemo" name="filterData" time="2.973"/>
  <system-out/>
</testsuite> <!-- session_07.QueryParameterDemo -->
