<?xml version="1.0" encoding="UTF-8"?>
<!-- Generated by org.testng.reporters.JUnitReportReporter -->
<testsuite hostname="DESKTOP-2EB7RG6" failures="0" tests="1" name="session_28.testMethod1" time="3.269" errors="0" timestamp="2023-05-27T12:56:39 IST" skipped="0">
  <testcase classname="session_28.testMethod1" name="testMethod1" time="3.269"/>
  <system-out/>
</testsuite> <!-- session_28.testMethod1 -->
