<?xml version="1.0" encoding="UTF-8"?>
<!-- Generated by org.testng.reporters.JUnitReportReporter -->
<testsuite hostname="DESKTOP-2EB7RG6" failures="0" tests="3" name="session_04.CheckForValidResponse" time="2.666" errors="0" timestamp="2023-05-14T11:16:45 IST" skipped="2">
  <testcase classname="session_04.CheckForValidResponse" name="GetSingleUser_BDDStyle" time="2.666"/>
  <system-out/>
  <testcase classname="session_04.CheckForValidResponse" name="GetSingleUserUsingValidatableResponse">
    <skipped/>
  </testcase> <!-- GetSingleUserUsingValidatableResponse -->
  <system-out/>
  <testcase classname="session_04.CheckForValidResponse" name="GetSingleUser">
    <skipped/>
  </testcase> <!-- GetSingleUser -->
  <system-out/>
</testsuite> <!-- session_04.CheckForValidResponse -->
