<?xml version="1.0" encoding="UTF-8"?>
<!-- Generated by org.testng.reporters.JUnitReportReporter -->
<testsuite hostname="DESKTOP-2EB7RG6" failures="0" tests="1" name="session_13.QueryRequestSpecification" time="0.767" errors="0" timestamp="2023-05-18T23:38:17 IST" skipped="0">
  <testcase classname="session_13.QueryRequestSpecification" name="createUser" time="0.767"/>
  <system-out/>
</testsuite> <!-- session_13.QueryRequestSpecification -->
